
Circuit 1 cell sky130_fd_pr__nfet_01v8 and Circuit 2 cell sky130_fd_pr__nfet_01v8 are black boxes.
Warning: Equate pins:  cell sky130_fd_pr__nfet_01v8 is a placeholder, treated as a black box.
Warning: Equate pins:  cell sky130_fd_pr__nfet_01v8 is a placeholder, treated as a black box.

Subcircuit pins:
Circuit 1: sky130_fd_pr__nfet_01v8         |Circuit 2: sky130_fd_pr__nfet_01v8         
-------------------------------------------|-------------------------------------------
1                                          |1                                          
2                                          |2                                          
3                                          |3                                          
4                                          |4                                          
---------------------------------------------------------------------------------------
Cell pin lists are equivalent.
Device classes sky130_fd_pr__nfet_01v8 and sky130_fd_pr__nfet_01v8 are equivalent.
Flattening unmatched subcell sky130_fd_pr__nfet_01v8_9C87QP in circuit nmosds (0)(1 instance)
Flattening unmatched subcell sky130_fd_pr__nfet_01v8_SJFSNB in circuit nmosds (0)(4 instances)

Class nmosds (0):  Merged 8 parallel devices.
Subcircuit summary:
Circuit 1: nmosds                          |Circuit 2: nmosds                          
-------------------------------------------|-------------------------------------------
sky130_fd_pr__nfet_01v8 (12->4)            |sky130_fd_pr__nfet_01v8 (10->4)            
Number of devices: 4                       |Number of devices: 4                       
Number of nets: 3                          |Number of nets: 3                          
---------------------------------------------------------------------------------------
Netlists match uniquely with property errors.
sky130_fd_pr__nfet_01v8_SJFSNB_1/sky130_fd_pr__nfet_01v8:0 vs. sky130_fd_pr__nfet_01v8:M1:
 w circuit1: 2   circuit2: 1   (delta=66.7%, cutoff=1%)
sky130_fd_pr__nfet_01v8_SJFSNB_0/sky130_fd_pr__nfet_01v8:0 vs. sky130_fd_pr__nfet_01v8:M2:
 w circuit1: 2   circuit2: 1   (delta=66.7%, cutoff=1%)

Subcircuit pins:
Circuit 1: nmosds                          |Circuit 2: nmosds                          
-------------------------------------------|-------------------------------------------
D9                                         |D9                                         
D8                                         |D8                                         
GND                                        |GND                                        
---------------------------------------------------------------------------------------
Cell pin lists are equivalent.
Device classes nmosds and nmosds are equivalent.

Final result: Circuits match uniquely.
Property errors were found.

The following cells had property errors:
 nmosds
